Log file open, 11/02/25 13:49:43
LogWindows: Enabling Tpause support
LogTrace: Initializing trace...
LogTrace: Finished trace initialization.
LogInit: Session CrashGUID >====================================================
         Session CrashGUID >   UECC-Windows-1D43547840104CA6DF0F07A7E44BF50A
         Session CrashGUID >====================================================
LogConfig: No local boot hotfix file found at: [../../../../../../Users/Ivansito/OneDrive/Documentos/Unreal Projects/WorldsHardestGame/Saved/PersistentDownloadDir/HotfixForNextBoot.txt]
LogPluginManager: Mounting Engine plugin PlatformCrypto
LogInit: ExecutableName: UnrealPak.exe
LogInit: Build: ++UE5+Release-5.6-CL-44394996
LogInit: Platform=WindowsEditor
LogInit: MachineId=d4e2800740dc7a91964a23987a42a6b1
LogInit: DeviceId=
LogInit: Engine Version: 5.6.1-44394996+++UE5+Release-5.6
LogInit: Compatible Engine Version: 5.6.0-43139311+++UE5+Release-5.6
LogInit: Net CL: 43139311
LogInit: OS: Windows 11 (24H2) [10.0.26100.6899] (), CPU: 13th Gen Intel(R) Core(TM) i7-13620H, GPU: Intel(R) UHD Graphics
LogInit: Compiled (64-bit): Jul 28 2025 21:09:38
LogInit: Architecture: x64
LogInit: Compiled with Visual C++: 19.38.33130.00
LogInit: Build Configuration: Development
LogInit: Branch Name: ++UE5+Release-5.6
LogInit: Command Line: -CreateGlobalContainer="C:\Users\Ivansito\OneDrive\Documentos\Unreal Projects\WorldsHardestGame\Saved\StagedBuilds\Windows\WorldsHardestGame\Content\Paks\global.utoc" -PackageStoreManifest="C:\Users\Ivansito\OneDrive\Documentos\Unreal Projects\WorldsHardestGame\Saved\Cooked\Windows\WorldsHardestGame\Metadata\packagestore.manifest" -CookedDirectory="C:\Users\Ivansito\OneDrive\Documentos\Unreal Projects\WorldsHardestGame\Saved\Cooked\Windows" -Commands="C:\Users\Ivansito\AppData\Roaming\Unreal Engine\AutomationTool\Logs\C+Program+Files+Epic+Games+UE_5.6\IoStoreCommands.txt" -ScriptObjects="C:\Users\Ivansito\OneDrive\Documentos\Unreal Projects\WorldsHardestGame\Saved\Cooked\Windows\WorldsHardestGame\Metadata\scriptobjects.bin" -patchpaddingalign=2048 -compressionformats=Oodle -compresslevel=4 -compressmethod=Kraken -cryptokeys="C:\Users\Ivansito\OneDrive\Documentos\Unreal Projects\WorldsHardestGame\Saved\Cooked\Windows\WorldsHardestGame\Metadata\Crypto.json" -compressionMinBytesSaved=1024 -compressionMinPercentSaved=5 -WriteBackMetadataToAssetRegistry=Disabled -nopak
LogInit: Base Directory: C:/Program Files/Epic Games/UE_5.6/Engine/Binaries/Win64/
LogInit: Allocator: Mimalloc
LogInit: Installed Engine Build: 1
LogInit: This binary is optimized with LTO: no, PGO: no, instrumented for PGO data collection: no
LogDevObjectVersion: Number of dev versions registered: 35
LogDevObjectVersion:   Dev-Blueprints (B0D832E4-1F89-4F0D-ACCF-7EB736FD4AA2): 10
LogDevObjectVersion:   Dev-Build (E1C64328-A22C-4D53-A36C-8E866417BD8C): 0
LogDevObjectVersion:   Dev-Core (375EC13C-06E4-48FB-B500-84F0262A717E): 4
LogDevObjectVersion:   Dev-Editor (E4B068ED-F494-42E9-A231-DA0B2E46BB41): 40
LogDevObjectVersion:   Dev-Framework (CFFC743F-43B0-4480-9391-14DF171D2073): 37
LogDevObjectVersion:   Dev-Mobile (B02B49B5-BB20-44E9-A304-32B752E40360): 3
LogDevObjectVersion:   Dev-Networking (A4E4105C-59A1-49B5-A7C5-40C4547EDFEE): 0
LogDevObjectVersion:   Dev-Online (39C831C9-5AE6-47DC-9A44-9C173E1C8E7C): 0
LogDevObjectVersion:   Dev-Physics (78F01B33-EBEA-4F98-B9B4-84EACCB95AA2): 20
LogDevObjectVersion:   Dev-Platform (6631380F-2D4D-43E0-8009-CF276956A95A): 0
LogDevObjectVersion:   Dev-Rendering (12F88B9F-8875-4AFC-A67C-D90C383ABD29): 49
LogDevObjectVersion:   Dev-Sequencer (7B5AE74C-D270-4C10-A958-57980B212A5A): 13
LogDevObjectVersion:   Dev-VR (D7296918-1DD6-4BDD-9DE2-64A83CC13884): 3
LogDevObjectVersion:   Dev-LoadTimes (C2A15278-BFE7-4AFE-6C17-90FF531DF755): 1
LogDevObjectVersion:   Private-Geometry (6EACA3D4-40EC-4CC1-B786-8BED09428FC5): 3
LogDevObjectVersion:   Dev-AnimPhys (29E575DD-E0A3-4627-9D10-D276232CDCEA): 17
LogDevObjectVersion:   Dev-Anim (AF43A65D-7FD3-4947-9873-3E8ED9C1BB05): 15
LogDevObjectVersion:   Dev-ReflectionCapture (6B266CEC-1EC7-4B8F-A30B-E4D90942FC07): 1
LogDevObjectVersion:   Dev-Automation (0DF73D61-A23F-47EA-B727-89E90C41499A): 1
LogDevObjectVersion:   FortniteMain (601D1886-AC64-4F84-AA16-D3DE0DEAC7D6): 207
LogDevObjectVersion:   FortniteValkyrie (8DBC2C5B-54A7-43E0-A768-FCBB7DA29060): 8
LogDevObjectVersion:   FortniteSeason (5B4C06B7-2463-4AF8-805B-BF70CDF5D0DD): 13
LogDevObjectVersion:   FortniteRelease (E7086368-6B23-4C58-8439-1B7016265E91): 17
LogDevObjectVersion:   Dev-Enterprise (9DFFBCD6-494F-0158-E221-12823C92A888): 11
LogDevObjectVersion:   Dev-Niagara (F2AED0AC-9AFE-416F-8664-AA7FFA26D6FC): 1
LogDevObjectVersion:   Dev-Destruction (174F1F0B-B4C6-45A5-B13F-2EE8D0FB917D): 10
LogDevObjectVersion:   Dev-Physics-Ext (35F94A83-E258-406C-A318-09F59610247C): 41
LogDevObjectVersion:   Dev-PhysicsMaterial-Chaos (B68FC16E-8B1B-42E2-B453-215C058844FE): 1
LogDevObjectVersion:   Dev-CineCamera (B2E18506-4273-CFC2-A54E-F4BB758BBA07): 1
LogDevObjectVersion:   Dev-VirtualProduction (64F58936-FD1B-42BA-BA96-7289D5D0FA4E): 1
LogDevObjectVersion:   UE5-Main (697DD581-E64F-41AB-AA4A-51ECBEB7B628): 121
LogDevObjectVersion:   UE5-Release (D89B5E42-24BD-4D46-8412-ACA8DF641779): 56
LogDevObjectVersion:   UE5-SpecialProject (59DA5D52-1232-4948-B878-597870B8E98B): 9
LogDevObjectVersion:   Dev-MediaFramework (6F0ED827-A609-4895-9C91-998D90180EA4): 2
LogDevObjectVersion:   Dev-NaniteResearch (30D58BE3-95EA-4282-A6E3-B159D8EBB06A): 1
LogInit: Presizing for max 100000 objects, including 0 objects not considered by GC.
LogInit: Object subsystem initialized
LogConfig: Applying CVar settings from Section [Startup] File [../../../Engine/Config/ConsoleVariables.ini]
LogConfig: CVar [[r.DumpShaderDebugInfo:2]] deferred - dummy variable created
LogConfig: CVar [[p.chaos.AllowCreatePhysxBodies:1]] deferred - dummy variable created
LogConfig: CVar [[fx.SkipVectorVMBackendOptimizations:1]] deferred - dummy variable created
LogConfig: CVar [[ds.CADTranslator.Meshing.ActivateThinZoneMeshing:0]] deferred - dummy variable created
LogConfig: CVar [[ds.CADTranslator.Stitching.RemoveThinFaces:0]] deferred - dummy variable created
[2025.11.02-12.49.43:360][  0]LogConfig: Applying CVar settings from Section [Startup_Windows] File [../../../Engine/Config/ConsoleVariables.ini]
[2025.11.02-12.49.43:360][  0]LogConfig: Applying CVar settings from Section [ConsoleVariables] File [Engine]
[2025.11.02-12.49.43:360][  0]LogInit: Computer: DESKTOP-ARGSUT7
[2025.11.02-12.49.43:360][  0]LogInit: User: Ivansito
[2025.11.02-12.49.43:361][  0]LogInit: CPU Page size=4096, Cores=10
[2025.11.02-12.49.43:361][  0]LogInit: High frequency timer resolution =10.000000 MHz
[2025.11.02-12.49.43:361][  0]LogMemory: Process is running as part of a Windows Job with separate resource limits
[2025.11.02-12.49.43:361][  0]LogMemory: Memory total: Physical=31.7GB (32GB approx) Virtual=36.7GB
[2025.11.02-12.49.43:361][  0]LogMemory: Platform Memory Stats for WindowsEditor
[2025.11.02-12.49.43:361][  0]LogMemory: Process Physical Memory: 68.51 MB used, 68.51 MB peak
[2025.11.02-12.49.43:361][  0]LogMemory: Process Virtual Memory: 132.12 MB used, 132.12 MB peak
[2025.11.02-12.49.43:361][  0]LogMemory: Physical Memory: 18263.26 MB used,  14208.25 MB free, 32471.51 MB total
[2025.11.02-12.49.43:361][  0]LogMemory: Virtual Memory: 28000.35 MB used,  9591.16 MB free, 37591.51 MB total
[2025.11.02-12.49.43:366][  0]LogAssetRegistry: FAssetRegistry took 0.0001 seconds to start up
[2025.11.02-12.49.43:367][  0]LogUObjectArray: 462 objects as part of root set at end of initial load.
[2025.11.02-12.49.43:367][  0]LogUObjectArray: CloseDisregardForGC: 0/0 objects in disregard for GC pool
[2025.11.02-12.49.43:368][  0]LogInit: Using OS detected language ().
[2025.11.02-12.49.43:368][  0]LogInit: Using OS detected locale ().
[2025.11.02-12.49.43:368][  0]LogTextLocalizationManager: No localization for '' exists, so 'en' will be used for the language.
[2025.11.02-12.49.43:369][  0]LogTextLocalizationManager: No localization for '' exists, so 'en' will be used for the locale.
[2025.11.02-12.49.43:369][  0]LogInit: Using OS detected language ().
[2025.11.02-12.49.43:369][  0]LogInit: Using OS detected locale ().
[2025.11.02-12.49.43:369][  0]LogTextLocalizationManager: No localization for '' exists, so 'en' will be used for the language.
[2025.11.02-12.49.43:369][  0]LogTextLocalizationManager: No localization for '' exists, so 'en' will be used for the locale.
[2025.11.02-12.49.43:369][  0]LogPakFile: Display: ProjectDir: ../../../../../../Users/Ivansito/OneDrive/Documentos/Unreal Projects/WorldsHardestGame/
[2025.11.02-12.49.43:369][  0]LogIoStore: Display: ==================== IoStore Utils ====================
[2025.11.02-12.49.43:371][  0]LogIoStore: Display: Parsing crypto keys from a crypto key cache file 'C:\Users\Ivansito\OneDrive\Documentos\Unreal Projects\WorldsHardestGame\Saved\Cooked\Windows\WorldsHardestGame\Metadata\Crypto.json'
[2025.11.02-12.49.43:372][  0]LogIoStore: Display: Container signing - DISABLED
[2025.11.02-12.49.43:372][  0]LogIoStore: Display: Directory index - ENABLED
[2025.11.02-12.49.43:372][  0]LogIoStore: Display: Using compression format 'Oodle'
[2025.11.02-12.49.43:372][  0]LogIoStore: Display: Using memory mapping alignment '16384'
[2025.11.02-12.49.43:372][  0]LogIoStore: Display: Using compression block size '65536'
[2025.11.02-12.49.43:372][  0]LogIoStore: Display: Using compression block alignment '2048'
[2025.11.02-12.49.43:373][  0]LogIoStore: Display: Using compression min bytes saved '1024'
[2025.11.02-12.49.43:373][  0]LogIoStore: Display: Using compression min percent saved '5'
[2025.11.02-12.49.43:373][  0]LogIoStore: Display: Using max partition size '0'
[2025.11.02-12.49.43:373][  0]LogIoStore: Display: Not using DDC for compression
[2025.11.02-12.49.43:373][  0]LogIoStore: Display: Using command list file: 'C:\Users\Ivansito\AppData\Roaming\Unreal Engine\AutomationTool\Logs\C+Program+Files+Epic+Games+UE_5.6\IoStoreCommands.txt'
[2025.11.02-12.49.43:394][  0]LogIoStore: Display: Selected Oodle level 4 (Normal) from command line for shaders
[2025.11.02-12.49.43:395][  0]LogIoStore: Display: Fetched 484 oplog items from Manifest in 0.00 seconds
[2025.11.02-12.49.43:397][  0]LogIoStore: Display: Parsed 484 oplog items 0.00 seconds, 591 chunks
[2025.11.02-12.49.43:403][  0]LogIoStore: Display: Using input asset registry: C:/Users/Ivansito/OneDrive/Documentos/Unreal Projects/WorldsHardestGame/Saved/Cooked/Windows/WorldsHardestGame/Metadata/DevelopmentAssetRegistry.bin
[2025.11.02-12.49.43:409][  0]LogIoStore: Display: Loaded 114 chunk hashes from AssetRegistry in 0.01 seconds, 114 hashes updated in 0.00 seconds
[2025.11.02-12.49.43:411][  0]LogIoStore: Display: Searching for cooked assets in folder 'C:\Users\Ivansito\OneDrive\Documentos\Unreal Projects\WorldsHardestGame\Saved\Cooked\Windows'
[2025.11.02-12.49.43:422][  0]LogIoStore: Display: Found '1076' files
[2025.11.02-12.49.43:431][  0]LogIoStore: Display: Creating container targets...
[2025.11.02-12.49.43:433][  0]OodleDataCompression: Display: Oodle v2.9.13 format for pak/iostore with method=Kraken, level=4=Normal
[2025.11.02-12.49.43:475][  0]LogIoStore: Display: Parsing packages...
[2025.11.02-12.49.43:475][  0]LogIoStore: Display: Reading package assets...
[2025.11.02-12.49.43:479][  0]LogIoStore: Display: Packages read 477 files in 0.00 seconds, 808,348 total bytes, 228,456,603 bytes per second
[2025.11.02-12.49.43:482][  0]LogIoStore: Display: Processing shader libraries, compressing with Oodle Mermaid, level 4 (Normal)
[2025.11.02-12.49.43:493][  0]LogShaderLibrary: Display: Created IoStoreShaderArchive header: shaders grouped in 379 groups (139 of them didn't need new indices), average uncompressed size 150965 bytes, min 249 bytes, max 1048075 bytes (r.ShaderCodeLibrary.MaxShaderGroupSize=1048576)
[2025.11.02-12.49.43:590][  0]LogIoStore: Display: Global-PCD3D_SM5(PCD3D_SM5): Recompressed 4106 shaders as 379 groups. Library size changed from 12766 KB (4.38 : 1 ratio) to 5612 KB (9.96 : 1 ratio), 43.96% of previous.
[2025.11.02-12.49.43:645][  0]LogShaderLibrary: Display: Created IoStoreShaderArchive header: shaders grouped in 636 groups (187 of them didn't need new indices), average uncompressed size 298237 bytes, min 1249 bytes, max 1045520 bytes (r.ShaderCodeLibrary.MaxShaderGroupSize=1048576)
[2025.11.02-12.49.44:708][  0]LogIoStore: Display: Global-PCD3D_SM6(PCD3D_SM6): Recompressed 10691 shaders as 636 groups. Library size changed from 140593 KB (1.32 : 1 ratio) to 82364 KB (2.25 : 1 ratio), 58.58% of previous.
[2025.11.02-12.49.44:716][  0]LogShaderLibrary: Display: Created IoStoreShaderArchive header: shaders grouped in 167 groups (75 of them didn't need new indices), average uncompressed size 74975 bytes, min 490 bytes, max 966610 bytes (r.ShaderCodeLibrary.MaxShaderGroupSize=1048576)
[2025.11.02-12.49.44:740][  0]LogIoStore: Display: WorldsHardestGame-PCD3D_SM5(PCD3D_SM5): Recompressed 1120 shaders as 167 groups. Library size changed from 3330 KB (3.67 : 1 ratio) to 1424 KB (8.59 : 1 ratio), 42.76% of previous.
[2025.11.02-12.49.44:749][  0]LogShaderLibrary: Display: Created IoStoreShaderArchive header: shaders grouped in 194 groups (54 of them didn't need new indices), average uncompressed size 135385 bytes, min 2342 bytes, max 967464 bytes (r.ShaderCodeLibrary.MaxShaderGroupSize=1048576)
[2025.11.02-12.49.44:870][  0]LogIoStore: Display: WorldsHardestGame-PCD3D_SM6(PCD3D_SM6): Recompressed 2112 shaders as 194 groups. Library size changed from 19643 KB (1.31 : 1 ratio) to 12824 KB (2.00 : 1 ratio), 65.29% of previous.
[2025.11.02-12.49.44:872][  0]LogIoStore: Display: Shaders processed in 1.39 seconds
[2025.11.02-12.49.44:873][  0]LogIoStore: Display: Initialized WriteRequestManager with MaxConcurrentSourceReads=8 (16 cores), MaxSourceBufferMemory=3072MiB
[2025.11.02-12.49.44:874][  0]LogIoStore: Display: Processing redirects...
[2025.11.02-12.49.44:875][  0]LogIoStore: Display: Creating disk layout...
[2025.11.02-12.49.44:875][  0]LogIoStore: Display: Ordered 477 packages using fallback bundle order
[2025.11.02-12.49.44:890][  0]LogIoStore: Display: Serializing container(s)...
[2025.11.02-12.49.45:424][  0]LogIoStore: Display: Writing and compressing took 0.47 seconds, writes to disk took 0.22 seconds for 236,356,976 bytes @ 1,061,605,795 bytes per second.
[2025.11.02-12.49.45:424][  0]LogIoStore: Display: global: Found perfect hashmap for 1 items.
[2025.11.02-12.49.45:424][  0]LogIoStore: Display: WorldsHardestGame-Windows: Found perfect hashmap for 1971 items.
[2025.11.02-12.49.45:429][  0]LogIoStore: Display: Finalize took 0.0 seconds for 2 writers to write 197,770 bytes, 38,551,656 bytes per second
[2025.11.02-12.49.45:429][  0]LogIoStore: Display: Writing tocs... [Physical: 738 MiB, Virtual: 3458 MiB]
[2025.11.02-12.49.45:429][  0]LogIoStore: Display: 114 / 1,972 hashes were loaded from the hash database, by type:
[2025.11.02-12.49.45:429][  0]LogIoStore: Display:     BulkData                   114
[2025.11.02-12.49.45:429][  0]LogIoStore: Display: 591 / 1,972 chunks attempted to compress, by type:
[2025.11.02-12.49.45:429][  0]LogIoStore: Display:     ExportBundleData           477 / 477
[2025.11.02-12.49.45:429][  0]LogIoStore: Display:     BulkData                   114 / 114
[2025.11.02-12.49.45:429][  0]LogIoStore: Display:     ScriptObjects              0 / 1
[2025.11.02-12.49.45:429][  0]LogIoStore: Display:     ContainerHeader            0 / 1
[2025.11.02-12.49.45:429][  0]LogIoStore: Display:     ShaderCodeLibrary          0 / 4
[2025.11.02-12.49.45:429][  0]LogIoStore: Display:     ShaderCode                 0 / 1,375
[2025.11.02-12.49.45:429][  0]LogIoStore: Display: Source bytes read:
[2025.11.02-12.49.45:430][  0]LogIoStore: Display:     Zen:                                  0
[2025.11.02-12.49.45:430][  0]LogIoStore: Display:     Loose File:                 365,558,548
[2025.11.02-12.49.45:430][  0]LogIoStore: Display:         ExportBundleData        350,078,368 bytes over 954 reads
[2025.11.02-12.49.45:430][  0]LogIoStore: Display:         BulkData                 15,480,180 bytes over 114 reads
[2025.11.02-12.49.45:430][  0]LogIoStore: Display:     Memory:                     210,797,916
[2025.11.02-12.49.45:430][  0]LogIoStore: Display:         ShaderCodeLibrary         1,440,376 bytes over 8 reads
[2025.11.02-12.49.45:430][  0]LogIoStore: Display:         ShaderCode              209,357,540 bytes over 2,750 reads
[2025.11.02-12.49.45:430][  0]LogIoStore: Display: Calculating stats...
[2025.11.02-12.49.45:430][  0]LogIoStore: Display: 
[2025.11.02-12.49.45:430][  0]LogIoStore: Display: Container Summary
[2025.11.02-12.49.45:430][  0]LogIoStore: Display: ==================
[2025.11.02-12.49.45:430][  0]LogIoStore: Display: 
[2025.11.02-12.49.45:430][  0]LogIoStore: Display: Container                                               Flags      Chunk(s) #       TOC (KiB)       Raw Size (MiB)           Size (MiB)
[2025.11.02-12.49.45:430][  0]LogIoStore: Display: ----------------------------------------------------------------------------------------------------------------------------------------------
[2025.11.02-12.49.45:430][  0]LogIoStore: Display: global                                              -/-/-/-/-               1            0.65                 2.43                 2.43 -
[2025.11.02-12.49.45:430][  0]LogIoStore: Display: WorldsHardestGame-Windows                           C/-/-/I/-            1971          192.49               284.16               222.98 (21.53% Oodle)
[2025.11.02-12.49.45:430][  0]LogIoStore: Display: ----------------------------------------------------------------------------------------------------------------------------------------------
[2025.11.02-12.49.45:430][  0]LogIoStore: Display: Total                                                                    1972          193.13               286.59               225.41
[2025.11.02-12.49.45:430][  0]LogIoStore: Display: 
[2025.11.02-12.49.45:430][  0]LogIoStore: Display: ** Flags: (C)ompressed / (E)ncrypted / (S)igned) / (I)ndexed) / (O)nDemand **
[2025.11.02-12.49.45:430][  0]LogIoStore: Display: 
[2025.11.02-12.49.45:430][  0]LogIoStore: Display: Compression block padding:     1.43 MiB
[2025.11.02-12.49.45:430][  0]LogIoStore: Display: 
[2025.11.02-12.49.45:430][  0]LogIoStore: Display: Container Directory Index
[2025.11.02-12.49.45:430][  0]LogIoStore: Display: ==========================
[2025.11.02-12.49.45:430][  0]LogIoStore: Display: 
[2025.11.02-12.49.45:430][  0]LogIoStore: Display: Container                                          Size (KiB)
[2025.11.02-12.49.45:430][  0]LogIoStore: Display: ----------------------------------------------------------------------------------------------------------------------------------------------
[2025.11.02-12.49.45:430][  0]LogIoStore: Display: global                                                   0.00
[2025.11.02-12.49.45:430][  0]LogIoStore: Display: WorldsHardestGame-Windows                               28.79
[2025.11.02-12.49.45:430][  0]LogIoStore: Display: 
[2025.11.02-12.49.45:430][  0]LogIoStore: Display: Container Patch Report
[2025.11.02-12.49.45:430][  0]LogIoStore: Display: ========================
[2025.11.02-12.49.45:430][  0]LogIoStore: Display: 
[2025.11.02-12.49.45:430][  0]LogIoStore: Display: Container                                             Total #       Modified #          Added #   Modified (MiB)      Added (MiB)
[2025.11.02-12.49.45:430][  0]LogIoStore: Display: ----------------------------------------------------------------------------------------------------------------------------------------------
[2025.11.02-12.49.45:430][  0]LogIoStore: Display: global                                                      1                0                0             0.00             0.00
[2025.11.02-12.49.45:430][  0]LogIoStore: Display: WorldsHardestGame-Windows                                1971                0             1971             0.00           221.55
[2025.11.02-12.49.45:430][  0]LogIoStore: Display: 
[2025.11.02-12.49.45:430][  0]LogIoStore: Display: PackageStore
[2025.11.02-12.49.45:430][  0]LogIoStore: Display: =============
[2025.11.02-12.49.45:430][  0]LogIoStore: Display: 
[2025.11.02-12.49.45:430][  0]LogIoStore: Display: Container                                          Size (KiB)      Packages #     Localized #
[2025.11.02-12.49.45:430][  0]LogIoStore: Display: ----------------------------------------------------------------------------------------------------------------------------------------------
[2025.11.02-12.49.45:430][  0]LogIoStore: Display: WorldsHardestGame-Windows                                  15             477               0
[2025.11.02-12.49.45:430][  0]LogIoStore: Display: ----------------------------------------------------------------------------------------------------------------------------------------------
[2025.11.02-12.49.45:430][  0]LogIoStore: Display: Total                                                      15             477               0
[2025.11.02-12.49.45:430][  0]LogIoStore: Display: 
[2025.11.02-12.49.45:430][  0]LogIoStore: Display: 
[2025.11.02-12.49.45:430][  0]LogIoStore: Display: Input:       477 Packages
[2025.11.02-12.49.45:430][  0]LogIoStore: Display: Input:      0.16 GB UExp
[2025.11.02-12.49.45:430][  0]LogIoStore: Display: Input:      0.00 GB UAsset
[2025.11.02-12.49.45:430][  0]LogIoStore: Display: Input:      0.01 GB UBulk
[2025.11.02-12.49.45:430][  0]LogIoStore: Display: Input:     85.91 MB for 1015 Global shaders
[2025.11.02-12.49.45:430][  0]LogIoStore: Display: Input:      1.42 MB for 161 Shared shaders
[2025.11.02-12.49.45:430][  0]LogIoStore: Display: Input:      0.00 MB for 0 Unique shaders
[2025.11.02-12.49.45:430][  0]LogIoStore: Display: Input:     12.50 MB for 199 Inline shaders
[2025.11.02-12.49.45:430][  0]LogIoStore: Display: 
[2025.11.02-12.49.45:430][  0]LogIoStore: Display: Output:     4401 Name map entries
[2025.11.02-12.49.45:430][  0]LogIoStore: Display: Output:      462 Imported package entries
[2025.11.02-12.49.45:430][  0]LogIoStore: Display: Output:      279 Packages without imports
[2025.11.02-12.49.45:430][  0]LogIoStore: Display: Output:        0 Public runtime script objects
[2025.11.02-12.49.45:431][  0]LogIoStore: Display: Output:     0.00 GB HeaderData
[2025.11.02-12.49.45:431][  0]LogIoStore: Display: Output:     2.43 MB InitialLoadData
[2025.11.02-12.49.45:431][  0]LogIoStore: Display: 
[2025.11.02-12.49.45:433][  0]LogPakFile: Display: UnrealPak executed in 2.065194 seconds
[2025.11.02-12.49.45:436][  0]LogCore: Engine exit requested (reason: UnrealPak Exiting)
[2025.11.02-12.49.45:436][  0]LogExit: Preparing to exit.
[2025.11.02-12.49.45:436][  0]LogExit: Object subsystem successfully closed.
[2025.11.02-12.49.45:437][  0]LogPakFile: Destroying PakPlatformFile
[2025.11.02-12.49.45:438][  0]LogExit: Exiting.
[2025.11.02-12.49.45:449][  0]Log file closed, 11/02/25 13:49:45
